2021-03-17 15:30:16.182 [restartedMain] ERROR org.springframework.boot.SpringApplication - Application run failed
org.springframework.beans.BeanInstantiationException: Failed to instantiate [org.springframework.boot.web.servlet.context.AnnotationConfigServletWebServerApplicationContext]: Constructor threw exception; nested exception is java.lang.NullPointerException
	at org.springframework.beans.BeanUtils.instantiateClass(BeanUtils.java:213)
	at org.springframework.beans.BeanUtils.instantiateClass(BeanUtils.java:135)
	at org.springframework.boot.SpringApplication.createApplicationContext(SpringApplication.java:588)
	at org.springframework.boot.SpringApplication.run(SpringApplication.java:311)
	at org.springframework.boot.SpringApplication.run(SpringApplication.java:1226)
	at org.springframework.boot.SpringApplication.run(SpringApplication.java:1215)
	at cn.cq.yygh.hosp.ServiceHospApplication.main(ServiceHospApplication.java:17)
	at sun.reflect.NativeMethodAccessorImpl.invoke0(Native Method)
	at sun.reflect.NativeMethodAccessorImpl.invoke(NativeMethodAccessorImpl.java:62)
	at sun.reflect.DelegatingMethodAccessorImpl.invoke(DelegatingMethodAccessorImpl.java:43)
	at java.lang.reflect.Method.invoke(Method.java:498)
	at org.springframework.boot.devtools.restart.RestartLauncher.run(RestartLauncher.java:49)
Caused by: java.lang.NullPointerException: null
	at com.intellij.rt.coverage.data.ProjectData.touchLine(ProjectData.java:239)
	at org.springframework.core.io.DefaultResourceLoader.getResourceCache(DefaultResourceLoader.java:130)
	at org.springframework.core.type.classreading.CachingMetadataReaderFactory.<init>(CachingMetadataReaderFactory.java:78)
	at org.springframework.context.annotation.ClassPathScanningCandidateComponentProvider.setResourceLoader(ClassPathScanningCandidateComponentProvider.java:266)
	at org.springframework.context.annotation.ClassPathBeanDefinitionScanner.<init>(ClassPathBeanDefinitionScanner.java:169)
	at org.springframework.context.annotation.ClassPathBeanDefinitionScanner.<init>(ClassPathBeanDefinitionScanner.java:140)
	at org.springframework.context.annotation.ClassPathBeanDefinitionScanner.<init>(ClassPathBeanDefinitionScanner.java:113)
	at org.springframework.context.annotation.ClassPathBeanDefinitionScanner.<init>(ClassPathBeanDefinitionScanner.java:85)
	at org.springframework.boot.web.servlet.context.AnnotationConfigServletWebServerApplicationContext.<init>(AnnotationConfigServletWebServerApplicationContext.java:74)
	at sun.reflect.NativeConstructorAccessorImpl.newInstance0(Native Method)
	at sun.reflect.NativeConstructorAccessorImpl.newInstance(NativeConstructorAccessorImpl.java:62)
	at sun.reflect.DelegatingConstructorAccessorImpl.newInstance(DelegatingConstructorAccessorImpl.java:45)
	at java.lang.reflect.Constructor.newInstance(Constructor.java:423)
	at org.springframework.beans.BeanUtils.instantiateClass(BeanUtils.java:200)
	... 11 common frames omitted
