2021-03-22 09:47:28.391 [restartedMain] INFO  cn.cq.yygh.hosp.ServiceHospApplication - Starting ServiceHospApplication on DESKTOP-T5Q6LSJ with PID 18120 (started by CQ in E:\尚医通\yygh_parent)
2021-03-22 09:47:28.405 [restartedMain] INFO  cn.cq.yygh.hosp.ServiceHospApplication - The following profiles are active: dev
2021-03-22 09:47:28.580 [restartedMain] INFO  o.s.b.d.env.DevToolsPropertyDefaultsPostProcessor - Devtools property defaults active! Set 'spring.devtools.add-properties' to 'false' to disable
2021-03-22 09:47:28.581 [restartedMain] INFO  o.s.b.d.env.DevToolsPropertyDefaultsPostProcessor - For additional web related logging consider setting the 'logging.level.web' property to 'DEBUG'
2021-03-22 09:47:30.492 [restartedMain] INFO  o.s.c.s.PostProcessorRegistrationDelegate$BeanPostProcessorChecker - Bean 'org.springframework.transaction.annotation.ProxyTransactionManagementConfiguration' of type [org.springframework.transaction.annotation.ProxyTransactionManagementConfiguration] is not eligible for getting processed by all BeanPostProcessors (for example: not eligible for auto-proxying)
2021-03-22 09:47:30.865 [restartedMain] INFO  o.s.boot.web.embedded.tomcat.TomcatWebServer - Tomcat initialized with port(s): 8201 (http)
2021-03-22 09:47:30.876 [restartedMain] INFO  org.apache.coyote.http11.Http11NioProtocol - Initializing ProtocolHandler ["http-nio-8201"]
2021-03-22 09:47:30.876 [restartedMain] INFO  org.apache.catalina.core.StandardService - Starting service [Tomcat]
2021-03-22 09:47:30.876 [restartedMain] INFO  org.apache.catalina.core.StandardEngine - Starting Servlet engine: [Apache Tomcat/9.0.27]
2021-03-22 09:47:30.982 [restartedMain] INFO  o.a.c.core.ContainerBase.[Tomcat].[localhost].[/] - Initializing Spring embedded WebApplicationContext
2021-03-22 09:47:30.983 [restartedMain] INFO  org.springframework.web.context.ContextLoader - Root WebApplicationContext: initialization completed in 2402 ms
2021-03-22 09:47:33.001 [restartedMain] INFO  s.d.s.w.PropertySourcedRequestMappingHandlerMapping - Mapped URL path [/v2/api-docs] onto method [springfox.documentation.swagger2.web.Swagger2Controller#getDocumentation(String, HttpServletRequest)]
2021-03-22 09:47:33.098 [restartedMain] INFO  o.s.scheduling.concurrent.ThreadPoolTaskExecutor - Initializing ExecutorService 'applicationTaskExecutor'
2021-03-22 09:47:33.287 [restartedMain] INFO  s.d.s.web.plugins.DocumentationPluginsBootstrapper - Context refreshed
2021-03-22 09:47:33.306 [restartedMain] INFO  s.d.s.web.plugins.DocumentationPluginsBootstrapper - Found 2 custom documentation plugin(s)
2021-03-22 09:47:33.339 [restartedMain] INFO  s.d.spring.web.scanners.ApiListingReferenceScanner - Scanning for api listing references
2021-03-22 09:47:33.540 [restartedMain] INFO  s.d.spring.web.scanners.ApiListingReferenceScanner - Scanning for api listing references
2021-03-22 09:47:33.546 [restartedMain] INFO  org.apache.coyote.http11.Http11NioProtocol - Starting ProtocolHandler ["http-nio-8201"]
2021-03-22 09:47:33.571 [restartedMain] INFO  o.s.boot.web.embedded.tomcat.TomcatWebServer - Tomcat started on port(s): 8201 (http) with context path ''
2021-03-22 09:47:33.575 [restartedMain] INFO  cn.cq.yygh.hosp.ServiceHospApplication - Started ServiceHospApplication in 6.026 seconds (JVM running for 8.2)
2021-03-22 11:03:51.267 [http-nio-8201-exec-2] INFO  o.a.c.core.ContainerBase.[Tomcat].[localhost].[/] - Initializing Spring DispatcherServlet 'dispatcherServlet'
2021-03-22 11:03:51.270 [http-nio-8201-exec-2] INFO  org.springframework.web.servlet.DispatcherServlet - Initializing Servlet 'dispatcherServlet'
2021-03-22 11:03:51.286 [http-nio-8201-exec-2] INFO  org.springframework.web.servlet.DispatcherServlet - Completed initialization in 16 ms
2021-03-22 15:05:44.108 [Thread-2] INFO  o.s.scheduling.concurrent.ThreadPoolTaskExecutor - Shutting down ExecutorService 'applicationTaskExecutor'
2021-03-22 15:05:44.785 [restartedMain] INFO  cn.cq.yygh.hosp.ServiceHospApplication - Starting ServiceHospApplication on DESKTOP-T5Q6LSJ with PID 18120 (started by CQ in E:\尚医通\yygh_parent)
2021-03-22 15:05:44.785 [restartedMain] INFO  cn.cq.yygh.hosp.ServiceHospApplication - The following profiles are active: dev
2021-03-22 15:07:21.820 [restartedMain] INFO  cn.cq.yygh.hosp.ServiceHospApplication - Starting ServiceHospApplication on DESKTOP-T5Q6LSJ with PID 21520 (started by CQ in E:\尚医通\yygh_parent)
2021-03-22 15:07:21.823 [restartedMain] INFO  cn.cq.yygh.hosp.ServiceHospApplication - The following profiles are active: dev
2021-03-22 15:07:21.890 [restartedMain] INFO  o.s.b.d.env.DevToolsPropertyDefaultsPostProcessor - Devtools property defaults active! Set 'spring.devtools.add-properties' to 'false' to disable
2021-03-22 15:07:21.890 [restartedMain] INFO  o.s.b.d.env.DevToolsPropertyDefaultsPostProcessor - For additional web related logging consider setting the 'logging.level.web' property to 'DEBUG'
2021-03-22 15:07:22.690 [restartedMain] INFO  o.s.d.r.config.RepositoryConfigurationDelegate - Multiple Spring Data modules found, entering strict repository configuration mode!
2021-03-22 15:07:22.692 [restartedMain] INFO  o.s.d.r.config.RepositoryConfigurationDelegate - Bootstrapping Spring Data repositories in DEFAULT mode.
2021-03-22 15:07:22.715 [restartedMain] INFO  o.s.d.r.config.RepositoryConfigurationDelegate - Finished Spring Data repository scanning in 12ms. Found 0 repository interfaces.
2021-03-22 15:07:22.979 [restartedMain] INFO  o.s.c.s.PostProcessorRegistrationDelegate$BeanPostProcessorChecker - Bean 'org.springframework.transaction.annotation.ProxyTransactionManagementConfiguration' of type [org.springframework.transaction.annotation.ProxyTransactionManagementConfiguration] is not eligible for getting processed by all BeanPostProcessors (for example: not eligible for auto-proxying)
2021-03-22 15:07:23.254 [restartedMain] INFO  o.s.boot.web.embedded.tomcat.TomcatWebServer - Tomcat initialized with port(s): 8201 (http)
2021-03-22 15:07:23.260 [restartedMain] INFO  org.apache.coyote.http11.Http11NioProtocol - Initializing ProtocolHandler ["http-nio-8201"]
2021-03-22 15:07:23.261 [restartedMain] INFO  org.apache.catalina.core.StandardService - Starting service [Tomcat]
2021-03-22 15:07:23.261 [restartedMain] INFO  org.apache.catalina.core.StandardEngine - Starting Servlet engine: [Apache Tomcat/9.0.27]
2021-03-22 15:07:23.344 [restartedMain] INFO  o.a.c.core.ContainerBase.[Tomcat].[localhost].[/] - Initializing Spring embedded WebApplicationContext
2021-03-22 15:07:23.344 [restartedMain] INFO  org.springframework.web.context.ContextLoader - Root WebApplicationContext: initialization completed in 1454 ms
2021-03-22 15:07:24.751 [restartedMain] INFO  s.d.s.w.PropertySourcedRequestMappingHandlerMapping - Mapped URL path [/v2/api-docs] onto method [springfox.documentation.swagger2.web.Swagger2Controller#getDocumentation(String, HttpServletRequest)]
2021-03-22 15:07:24.841 [restartedMain] INFO  o.s.scheduling.concurrent.ThreadPoolTaskExecutor - Initializing ExecutorService 'applicationTaskExecutor'
2021-03-22 15:07:25.053 [restartedMain] INFO  s.d.s.web.plugins.DocumentationPluginsBootstrapper - Context refreshed
2021-03-22 15:07:25.067 [restartedMain] INFO  s.d.s.web.plugins.DocumentationPluginsBootstrapper - Found 2 custom documentation plugin(s)
2021-03-22 15:07:25.094 [restartedMain] INFO  s.d.spring.web.scanners.ApiListingReferenceScanner - Scanning for api listing references
2021-03-22 15:07:25.247 [restartedMain] INFO  s.d.spring.web.scanners.ApiListingReferenceScanner - Scanning for api listing references
2021-03-22 15:07:25.255 [restartedMain] INFO  org.apache.coyote.http11.Http11NioProtocol - Starting ProtocolHandler ["http-nio-8201"]
2021-03-22 15:07:25.281 [restartedMain] INFO  o.s.boot.web.embedded.tomcat.TomcatWebServer - Tomcat started on port(s): 8201 (http) with context path ''
2021-03-22 15:07:25.283 [restartedMain] INFO  cn.cq.yygh.hosp.ServiceHospApplication - Started ServiceHospApplication in 3.879 seconds (JVM running for 4.935)
2021-03-22 15:22:50.551 [http-nio-8201-exec-1] INFO  o.a.c.core.ContainerBase.[Tomcat].[localhost].[/] - Initializing Spring DispatcherServlet 'dispatcherServlet'
2021-03-22 15:22:50.551 [http-nio-8201-exec-1] INFO  org.springframework.web.servlet.DispatcherServlet - Initializing Servlet 'dispatcherServlet'
2021-03-22 15:22:50.556 [http-nio-8201-exec-1] INFO  org.springframework.web.servlet.DispatcherServlet - Completed initialization in 5 ms
2021-03-22 15:22:50.700 [http-nio-8201-exec-4] INFO  com.zaxxer.hikari.HikariDataSource - HikariPool-1 - Starting...
2021-03-22 15:22:50.834 [http-nio-8201-exec-4] INFO  com.zaxxer.hikari.HikariDataSource - HikariPool-1 - Start completed.
